<?xml version="1.0" encoding="UTF-8"?>
<!-- Generated by org.testng.reporters.JUnitXMLReporter -->
<testsuite ignored="0" hostname="LAPTOP-4DDFOR6M" failures="0" tests="4" name="TestCaseLogin-1" time="8.949" errors="0" timestamp="2025-05-26T16:41:50 IST">
  <testcase classname="Utilities.SuiteBase.SuiteBase" name="@BeforeClass CreateWebDriver" time="1.076">
    <failure type="java.lang.RuntimeException" message="BeforeClass failed">
      <![CDATA[java.lang.RuntimeException: BeforeClass failed
at Utilities.SuiteBase.SuiteBase.CreateWebDriver(SuiteBase.java:98)
at java.base/java.util.concurrent.ThreadPoolExecutor.runWorker(ThreadPoolExecutor.java:1144)
at java.base/java.util.concurrent.ThreadPoolExecutor$Worker.run(ThreadPoolExecutor.java:642)
at java.base/java.lang.Thread.run(Thread.java:1583)
Caused by: org.openqa.selenium.SessionNotCreatedException: Could not start a new session. Response code 401. Message: Invalid username or password 
Host info: host: 'LAPTOP-4DDFOR6M', ip: '192.168.137.1'
Build info: version: '4.12.1', revision: '8e34639b11'
System info: os.name: 'Windows 11', os.arch: 'amd64', os.version: '10.0', java.version: '21.0.2'
Driver info: org.openqa.selenium.chrome.ChromeDriver
Command: [null, newSession {capabilities=[Capabilities {browserName: Safari, browserVersion: 15.6, bstack:options: {accessKey: null, browser: Safari, browserName: Safari, browserVersion: 15.6, browserstackSDK: testng-javaagent/1.32.10, buildIdentifier: 17, buildName: bstack-demo, buildProductMap: {accessibility: null, app_automate: false, automate: true, observability: false, percy: false, turboscale: false}, consoleLogs: info, hostName: LAPTOP-4DDFOR6M, local: true, localIdentifier: 26_May_1641_LAPTOP_4DDFOR6M..., networkLogs: true, os: OS X, osVersion: Monterey, projectName: PicMeAutomation, source: java:eclipse:v1.0.10, testhubBuildUuid: qortctpwrwdmpz5oseiwpbwnjen..., userName: null}, goog:chromeOptions: {args: [--remote-allow-origins=*], extensions: []}}]}]
at org.openqa.selenium.remote.ProtocolHandshake.createSession(ProtocolHandshake.java:140)
at org.openqa.selenium.remote.ProtocolHandshake.createSession(ProtocolHandshake.java:96)
at org.openqa.selenium.remote.ProtocolHandshake.createSession(ProtocolHandshake.java:68)
at org.openqa.selenium.remote.HttpCommandExecutor.execute(HttpCommandExecutor.java:163)
at org.openqa.selenium.remote.RemoteWebDriver.execute(RemoteWebDriver.java:602)
at org.openqa.selenium.remote.RemoteWebDriver.startSession(RemoteWebDriver.java:236)
at org.openqa.selenium.remote.RemoteWebDriver.<init>(RemoteWebDriver.java:163)
at org.openqa.selenium.chromium.ChromiumDriver.<init>(ChromiumDriver.java:108)
at org.openqa.selenium.chrome.ChromeDriver.<init>(ChromeDriver.java:88)
at org.openqa.selenium.chrome.ChromeDriver.<init>(ChromeDriver.java:83)
at org.openqa.selenium.chrome.ChromeDriver.<init>(ChromeDriver.java:72)
at Utilities.Factory.DriverFactory.getChromeDriver(DriverFactory.java:141)
at Utilities.Factory.DriverFactory.getDriver(DriverFactory.java:56)
at Utilities.SuiteBase.SuiteBase.CreateWebDriver(SuiteBase.java:81)
... 11 more
... Removed 8 stack frames]]>
    </failure>
  </testcase> <!-- @BeforeClass CreateWebDriver -->
  <testcase classname="Login.VerifyTheFunctionalitiesOfLogin" name="VerifyTestPrerequisites" time="0.0">
    <skipped/>
  </testcase> <!-- VerifyTestPrerequisites -->
  <testcase classname="Login.VerifyTheFunctionalitiesOfLogin" name="verifyLoginToApplicationWithValidCredentials" time="0.0">
    <skipped/>
  </testcase> <!-- verifyLoginToApplicationWithValidCredentials -->
  <testcase classname="Login.VerifyTheFunctionalitiesOfLogin" name="VerifyTestPrerequisites" time="0.0">
    <skipped/>
  </testcase> <!-- VerifyTestPrerequisites -->
  <testcase classname="Login.VerifyTheFunctionalitiesOfLogin" name="verifyLoginToApplicationWithValidCredentials" time="0.0">
    <skipped/>
  </testcase> <!-- verifyLoginToApplicationWithValidCredentials -->
</testsuite> <!-- TestCaseLogin-1 -->
