<html>
<head>
<title>TestNG:  TestCaseLogin-0</title>
<link href="../testng.css" rel="stylesheet" type="text/css" />
<link href="../my-testng.css" rel="stylesheet" type="text/css" />

<style type="text/css">
.log { display: none;} 
.stack-trace { display: none;} 
</style>
<script type="text/javascript">
<!--
function flip(e) {
  current = e.style.display;
  if (current == 'block') {
    e.style.display = 'none';
    return 0;
  }
  else {
    e.style.display = 'block';
    return 1;
  }
}

function toggleBox(szDivId, elem, msg1, msg2)
{
  var res = -1;  if (document.getElementById) {
    res = flip(document.getElementById(szDivId));
  }
  else if (document.all) {
    // this is the way old msie versions work
    res = flip(document.all[szDivId]);
  }
  if(elem) {
    if(res == 0) elem.innerHTML = msg1; else elem.innerHTML = msg2;
  }

}

function toggleAllBoxes() {
  if (document.getElementsByTagName) {
    d = document.getElementsByTagName('div');
    for (i = 0; i < d.length; i++) {
      if (d[i].className == 'log') {
        flip(d[i]);
      }
    }
  }
}

// -->
</script>

</head>
<body>
<h2 align='center'>TestCaseLogin-0</h2><table border='1' align="center">
<tr>
<td>Tests passed/Failed/Skipped:</td><td>0/0/2</td>
</tr><tr>
<td>Started on:</td><td>Mon May 26 16:41:41 IST 2025</td>
</tr>
<tr><td>Total time:</td><td>8 seconds (8536 ms)</td>
</tr><tr>
<td>Included groups:</td><td>Web </td>
</tr><tr>
<td>Excluded groups:</td><td></td>
</tr>
</table><p/>
<small><i>(Hover the method name to see the test class name)</i></small><p/>
<table width='100%' border='1' class='invocation-failed'>
<tr><td colspan='4' align='center'><b>FAILED CONFIGURATIONS</b></td></tr>
<tr><td><b>Test method</b></td>
<td width="30%"><b>Exception</b></td>
<td width="10%"><b>Time (seconds)</b></td>
<td><b>Instance</b></td>
</tr>
<tr>
<td title='Login.VerifyTheFunctionalitiesOfLogin.CreateWebDriver()'><b>CreateWebDriver</b><br>Test class: Login.VerifyTheFunctionalitiesOfLogin<br>Parameters: Chrome, local</td>
<td><div><pre>java.lang.RuntimeException: BeforeClass failed
	at Utilities.SuiteBase.SuiteBase.CreateWebDriver(SuiteBase.java:98)
	at java.base/java.util.concurrent.ThreadPoolExecutor.runWorker(ThreadPoolExecutor.java:1144)
	at java.base/java.util.concurrent.ThreadPoolExecutor$Worker.run(ThreadPoolExecutor.java:642)
	at java.base/java.lang.Thread.run(Thread.java:1583)
Caused by: org.openqa.selenium.SessionNotCreatedException: Could not start a new session. Response code 401. Message: Invalid username or password 
Host info: host: &apos;LAPTOP-4DDFOR6M&apos;, ip: &apos;192.168.137.1&apos;
Build info: version: &apos;4.12.1&apos;, revision: &apos;8e34639b11&apos;
System info: os.name: &apos;Windows 11&apos;, os.arch: &apos;amd64&apos;, os.version: &apos;10.0&apos;, java.version: &apos;21.0.2&apos;
Driver info: org.openqa.selenium.chrome.ChromeDriver
Command: [null, newSession {capabilities=[Capabilities {browserName: Safari, browserVersion: 15.6, bstack:options: {accessKey: null, browser: Safari, browserName: Safari, browserVersion: 15.6, browserstackSDK: testng-javaagent/1.32.10, buildIdentifier: 17, buildName: bstack-demo, buildProductMap: {accessibility: null, app_automate: false, automate: true, observability: false, percy: false, turboscale: false}, consoleLogs: info, hostName: LAPTOP-4DDFOR6M, local: true, localIdentifier: 26_May_1641_LAPTOP_4DDFOR6M..., networkLogs: true, os: OS X, osVersion: Monterey, projectName: PicMeAutomation, source: java:eclipse:v1.0.10, testhubBuildUuid: qortctpwrwdmpz5oseiwpbwnjen..., userName: null}, goog:chromeOptions: {args: [--remote-allow-origins=*], extensions: []}}]}]
	at org.openqa.selenium.remote.ProtocolHandshake.createSession(ProtocolHandshake.java:140)
	at org.openqa.selenium.remote.ProtocolHandshake.createSession(ProtocolHandshake.java:96)
	at org.openqa.selenium.remote.ProtocolHandshake.createSession(ProtocolHandshake.java:68)
	at org.openqa.selenium.remote.HttpCommandExecutor.execute(HttpCommandExecutor.java:163)
	at org.openqa.selenium.remote.RemoteWebDriver.execute(RemoteWebDriver.java:602)
	at org.openqa.selenium.remote.RemoteWebDriver.startSession(RemoteWebDriver.java:236)
	at org.openqa.selenium.remote.RemoteWebDriver.&lt;init&gt;(RemoteWebDriver.java:163)
	at org.openqa.selenium.chromium.ChromiumDriver.&lt;init&gt;(ChromiumDriver.java:108)
	at org.openqa.selenium.chrome.ChromeDriver.&lt;init&gt;(ChromeDriver.java:88)
	at org.openqa.selenium.chrome.ChromeDriver.&lt;init&gt;(ChromeDriver.java:83)
	at org.openqa.selenium.chrome.ChromeDriver.&lt;init&gt;(ChromeDriver.java:72)
	at Utilities.Factory.DriverFactory.getChromeDriver(DriverFactory.java:141)
	at Utilities.Factory.DriverFactory.getDriver(DriverFactory.java:56)
	at Utilities.SuiteBase.SuiteBase.CreateWebDriver(SuiteBase.java:81)
	... 11 more
... Removed 8 stack frames</pre></div><a href='#' onClick='toggleBox("stack-trace317766022", this, "Click to show all stack frames", "Click to hide stack frames")'>Click to show all stack frames</a>
<div class='stack-trace' id='stack-trace317766022'><pre>java.lang.RuntimeException: BeforeClass failed
	at Utilities.SuiteBase.SuiteBase.CreateWebDriver(SuiteBase.java:98)
	at java.base/jdk.internal.reflect.DirectMethodHandleAccessor.invoke(DirectMethodHandleAccessor.java:103)
	at java.base/java.lang.reflect.Method.invoke(Method.java:580)
	at org.testng.internal.MethodInvocationHelper.invokeMethod(MethodInvocationHelper.java:134)
	at org.testng.internal.MethodInvocationHelper.invokeMethodConsideringTimeout(MethodInvocationHelper.java:63)
	at org.testng.internal.ConfigInvoker.invokeConfigurationMethod(ConfigInvoker.java:348)
	at org.testng.internal.ConfigInvoker.invokeConfigurations(ConfigInvoker.java:302)
	at org.testng.internal.TestMethodWorker.invokeBeforeClassMethods(TestMethodWorker.java:176)
	at org.testng.internal.TestMethodWorker.run(TestMethodWorker.java:122)
	at java.base/java.util.concurrent.ThreadPoolExecutor.runWorker(ThreadPoolExecutor.java:1144)
	at java.base/java.util.concurrent.ThreadPoolExecutor$Worker.run(ThreadPoolExecutor.java:642)
	at java.base/java.lang.Thread.run(Thread.java:1583)
Caused by: org.openqa.selenium.SessionNotCreatedException: Could not start a new session. Response code 401. Message: Invalid username or password 
Host info: host: &apos;LAPTOP-4DDFOR6M&apos;, ip: &apos;192.168.137.1&apos;
Build info: version: &apos;4.12.1&apos;, revision: &apos;8e34639b11&apos;
System info: os.name: &apos;Windows 11&apos;, os.arch: &apos;amd64&apos;, os.version: &apos;10.0&apos;, java.version: &apos;21.0.2&apos;
Driver info: org.openqa.selenium.chrome.ChromeDriver
Command: [null, newSession {capabilities=[Capabilities {browserName: Safari, browserVersion: 15.6, bstack:options: {accessKey: null, browser: Safari, browserName: Safari, browserVersion: 15.6, browserstackSDK: testng-javaagent/1.32.10, buildIdentifier: 17, buildName: bstack-demo, buildProductMap: {accessibility: null, app_automate: false, automate: true, observability: false, percy: false, turboscale: false}, consoleLogs: info, hostName: LAPTOP-4DDFOR6M, local: true, localIdentifier: 26_May_1641_LAPTOP_4DDFOR6M..., networkLogs: true, os: OS X, osVersion: Monterey, projectName: PicMeAutomation, source: java:eclipse:v1.0.10, testhubBuildUuid: qortctpwrwdmpz5oseiwpbwnjen..., userName: null}, goog:chromeOptions: {args: [--remote-allow-origins=*], extensions: []}}]}]
	at org.openqa.selenium.remote.ProtocolHandshake.createSession(ProtocolHandshake.java:140)
	at org.openqa.selenium.remote.ProtocolHandshake.createSession(ProtocolHandshake.java:96)
	at org.openqa.selenium.remote.ProtocolHandshake.createSession(ProtocolHandshake.java:68)
	at org.openqa.selenium.remote.HttpCommandExecutor.execute(HttpCommandExecutor.java:163)
	at org.openqa.selenium.remote.RemoteWebDriver.execute(RemoteWebDriver.java:602)
	at org.openqa.selenium.remote.RemoteWebDriver.startSession(RemoteWebDriver.java:236)
	at org.openqa.selenium.remote.RemoteWebDriver.&lt;init&gt;(RemoteWebDriver.java:163)
	at org.openqa.selenium.chromium.ChromiumDriver.&lt;init&gt;(ChromiumDriver.java:108)
	at org.openqa.selenium.chrome.ChromeDriver.&lt;init&gt;(ChromeDriver.java:88)
	at org.openqa.selenium.chrome.ChromeDriver.&lt;init&gt;(ChromeDriver.java:83)
	at org.openqa.selenium.chrome.ChromeDriver.&lt;init&gt;(ChromeDriver.java:72)
	at Utilities.Factory.DriverFactory.getChromeDriver(DriverFactory.java:141)
	at Utilities.Factory.DriverFactory.getDriver(DriverFactory.java:56)
	at Utilities.SuiteBase.SuiteBase.CreateWebDriver(SuiteBase.java:81)
	... 11 more
</pre></div></td>
<td>1</td>
<td>Login.VerifyTheFunctionalitiesOfLogin@719d35e8</td></tr>
</table><p>
<table width='100%' border='1' class='invocation-skipped'>
<tr><td colspan='4' align='center'><b>SKIPPED TESTS</b></td></tr>
<tr><td><b>Test method</b></td>
<td width="30%"><b>Exception</b></td>
<td width="10%"><b>Time (seconds)</b></td>
<td><b>Instance</b></td>
</tr>
<tr>
<td title='Login.VerifyTheFunctionalitiesOfLogin.VerifyTestPrerequisites()'><b>VerifyTestPrerequisites</b><br>Test class: Login.VerifyTheFunctionalitiesOfLogin</td>
<td><div><pre>java.lang.RuntimeException: BeforeClass failed
	at Utilities.SuiteBase.SuiteBase.CreateWebDriver(SuiteBase.java:98)
	at java.base/java.util.concurrent.ThreadPoolExecutor.runWorker(ThreadPoolExecutor.java:1144)
	at java.base/java.util.concurrent.ThreadPoolExecutor$Worker.run(ThreadPoolExecutor.java:642)
	at java.base/java.lang.Thread.run(Thread.java:1583)
Caused by: org.openqa.selenium.SessionNotCreatedException: Could not start a new session. Response code 401. Message: Invalid username or password 
Host info: host: &apos;LAPTOP-4DDFOR6M&apos;, ip: &apos;192.168.137.1&apos;
Build info: version: &apos;4.12.1&apos;, revision: &apos;8e34639b11&apos;
System info: os.name: &apos;Windows 11&apos;, os.arch: &apos;amd64&apos;, os.version: &apos;10.0&apos;, java.version: &apos;21.0.2&apos;
Driver info: org.openqa.selenium.chrome.ChromeDriver
Command: [null, newSession {capabilities=[Capabilities {browserName: Chrome, browserVersion: 120.0, bstack:options: {accessKey: null, browser: Chrome, browserName: Chrome, browserVersion: 120.0, browserstackSDK: testng-javaagent/1.32.10, buildIdentifier: 17, buildName: bstack-demo, buildProductMap: {accessibility: null, app_automate: false, automate: true, observability: false, percy: false, turboscale: false}, consoleLogs: info, hostName: LAPTOP-4DDFOR6M, local: true, localIdentifier: 26_May_1641_LAPTOP_4DDFOR6M..., networkLogs: true, os: Windows, osVersion: 10, projectName: PicMeAutomation, source: java:eclipse:v1.0.10, testhubBuildUuid: qortctpwrwdmpz5oseiwpbwnjen..., userName: null}, goog:chromeOptions: {args: [--remote-allow-origins=*], extensions: []}}]}]
	at org.openqa.selenium.remote.ProtocolHandshake.createSession(ProtocolHandshake.java:140)
	at org.openqa.selenium.remote.ProtocolHandshake.createSession(ProtocolHandshake.java:96)
	at org.openqa.selenium.remote.ProtocolHandshake.createSession(ProtocolHandshake.java:68)
	at org.openqa.selenium.remote.HttpCommandExecutor.execute(HttpCommandExecutor.java:163)
	at org.openqa.selenium.remote.RemoteWebDriver.execute(RemoteWebDriver.java:602)
	at org.openqa.selenium.remote.RemoteWebDriver.startSession(RemoteWebDriver.java:236)
	at org.openqa.selenium.remote.RemoteWebDriver.&lt;init&gt;(RemoteWebDriver.java:163)
	at org.openqa.selenium.chromium.ChromiumDriver.&lt;init&gt;(ChromiumDriver.java:108)
	at org.openqa.selenium.chrome.ChromeDriver.&lt;init&gt;(ChromeDriver.java:88)
	at org.openqa.selenium.chrome.ChromeDriver.&lt;init&gt;(ChromeDriver.java:83)
	at org.openqa.selenium.chrome.ChromeDriver.&lt;init&gt;(ChromeDriver.java:72)
	at Utilities.Factory.DriverFactory.getChromeDriver(DriverFactory.java:141)
	at Utilities.Factory.DriverFactory.getDriver(DriverFactory.java:56)
	at Utilities.SuiteBase.SuiteBase.CreateWebDriver(SuiteBase.java:81)
	... 11 more
... Removed 8 stack frames</pre></div><a href='#' onClick='toggleBox("stack-trace826211511", this, "Click to show all stack frames", "Click to hide stack frames")'>Click to show all stack frames</a>
<div class='stack-trace' id='stack-trace826211511'><pre>java.lang.RuntimeException: BeforeClass failed
	at Utilities.SuiteBase.SuiteBase.CreateWebDriver(SuiteBase.java:98)
	at java.base/jdk.internal.reflect.DirectMethodHandleAccessor.invoke(DirectMethodHandleAccessor.java:103)
	at java.base/java.lang.reflect.Method.invoke(Method.java:580)
	at org.testng.internal.MethodInvocationHelper.invokeMethod(MethodInvocationHelper.java:134)
	at org.testng.internal.MethodInvocationHelper.invokeMethodConsideringTimeout(MethodInvocationHelper.java:63)
	at org.testng.internal.ConfigInvoker.invokeConfigurationMethod(ConfigInvoker.java:348)
	at org.testng.internal.ConfigInvoker.invokeConfigurations(ConfigInvoker.java:302)
	at org.testng.internal.TestMethodWorker.invokeBeforeClassMethods(TestMethodWorker.java:176)
	at org.testng.internal.TestMethodWorker.run(TestMethodWorker.java:122)
	at java.base/java.util.concurrent.ThreadPoolExecutor.runWorker(ThreadPoolExecutor.java:1144)
	at java.base/java.util.concurrent.ThreadPoolExecutor$Worker.run(ThreadPoolExecutor.java:642)
	at java.base/java.lang.Thread.run(Thread.java:1583)
Caused by: org.openqa.selenium.SessionNotCreatedException: Could not start a new session. Response code 401. Message: Invalid username or password 
Host info: host: &apos;LAPTOP-4DDFOR6M&apos;, ip: &apos;192.168.137.1&apos;
Build info: version: &apos;4.12.1&apos;, revision: &apos;8e34639b11&apos;
System info: os.name: &apos;Windows 11&apos;, os.arch: &apos;amd64&apos;, os.version: &apos;10.0&apos;, java.version: &apos;21.0.2&apos;
Driver info: org.openqa.selenium.chrome.ChromeDriver
Command: [null, newSession {capabilities=[Capabilities {browserName: Chrome, browserVersion: 120.0, bstack:options: {accessKey: null, browser: Chrome, browserName: Chrome, browserVersion: 120.0, browserstackSDK: testng-javaagent/1.32.10, buildIdentifier: 17, buildName: bstack-demo, buildProductMap: {accessibility: null, app_automate: false, automate: true, observability: false, percy: false, turboscale: false}, consoleLogs: info, hostName: LAPTOP-4DDFOR6M, local: true, localIdentifier: 26_May_1641_LAPTOP_4DDFOR6M..., networkLogs: true, os: Windows, osVersion: 10, projectName: PicMeAutomation, source: java:eclipse:v1.0.10, testhubBuildUuid: qortctpwrwdmpz5oseiwpbwnjen..., userName: null}, goog:chromeOptions: {args: [--remote-allow-origins=*], extensions: []}}]}]
	at org.openqa.selenium.remote.ProtocolHandshake.createSession(ProtocolHandshake.java:140)
	at org.openqa.selenium.remote.ProtocolHandshake.createSession(ProtocolHandshake.java:96)
	at org.openqa.selenium.remote.ProtocolHandshake.createSession(ProtocolHandshake.java:68)
	at org.openqa.selenium.remote.HttpCommandExecutor.execute(HttpCommandExecutor.java:163)
	at org.openqa.selenium.remote.RemoteWebDriver.execute(RemoteWebDriver.java:602)
	at org.openqa.selenium.remote.RemoteWebDriver.startSession(RemoteWebDriver.java:236)
	at org.openqa.selenium.remote.RemoteWebDriver.&lt;init&gt;(RemoteWebDriver.java:163)
	at org.openqa.selenium.chromium.ChromiumDriver.&lt;init&gt;(ChromiumDriver.java:108)
	at org.openqa.selenium.chrome.ChromeDriver.&lt;init&gt;(ChromeDriver.java:88)
	at org.openqa.selenium.chrome.ChromeDriver.&lt;init&gt;(ChromeDriver.java:83)
	at org.openqa.selenium.chrome.ChromeDriver.&lt;init&gt;(ChromeDriver.java:72)
	at Utilities.Factory.DriverFactory.getChromeDriver(DriverFactory.java:141)
	at Utilities.Factory.DriverFactory.getDriver(DriverFactory.java:56)
	at Utilities.SuiteBase.SuiteBase.CreateWebDriver(SuiteBase.java:81)
	... 11 more
</pre></div></td>
<td>0</td>
<td>Login.VerifyTheFunctionalitiesOfLogin@45e22def</td></tr>
<tr>
<td title='Login.VerifyTheFunctionalitiesOfLogin.VerifyTestPrerequisites()'><b>VerifyTestPrerequisites</b><br>Test class: Login.VerifyTheFunctionalitiesOfLogin</td>
<td><div><pre>java.lang.RuntimeException: BeforeClass failed
	at Utilities.SuiteBase.SuiteBase.CreateWebDriver(SuiteBase.java:98)
	at java.base/java.util.concurrent.ThreadPoolExecutor.runWorker(ThreadPoolExecutor.java:1144)
	at java.base/java.util.concurrent.ThreadPoolExecutor$Worker.run(ThreadPoolExecutor.java:642)
	at java.base/java.lang.Thread.run(Thread.java:1583)
Caused by: org.openqa.selenium.SessionNotCreatedException: Could not start a new session. Response code 401. Message: Invalid username or password 
Host info: host: &apos;LAPTOP-4DDFOR6M&apos;, ip: &apos;192.168.137.1&apos;
Build info: version: &apos;4.12.1&apos;, revision: &apos;8e34639b11&apos;
System info: os.name: &apos;Windows 11&apos;, os.arch: &apos;amd64&apos;, os.version: &apos;10.0&apos;, java.version: &apos;21.0.2&apos;
Driver info: org.openqa.selenium.chrome.ChromeDriver
Command: [null, newSession {capabilities=[Capabilities {browserName: Safari, browserVersion: 15.6, bstack:options: {accessKey: null, browser: Safari, browserName: Safari, browserVersion: 15.6, browserstackSDK: testng-javaagent/1.32.10, buildIdentifier: 17, buildName: bstack-demo, buildProductMap: {accessibility: null, app_automate: false, automate: true, observability: false, percy: false, turboscale: false}, consoleLogs: info, hostName: LAPTOP-4DDFOR6M, local: true, localIdentifier: 26_May_1641_LAPTOP_4DDFOR6M..., networkLogs: true, os: OS X, osVersion: Monterey, projectName: PicMeAutomation, source: java:eclipse:v1.0.10, testhubBuildUuid: qortctpwrwdmpz5oseiwpbwnjen..., userName: null}, goog:chromeOptions: {args: [--remote-allow-origins=*], extensions: []}}]}]
	at org.openqa.selenium.remote.ProtocolHandshake.createSession(ProtocolHandshake.java:140)
	at org.openqa.selenium.remote.ProtocolHandshake.createSession(ProtocolHandshake.java:96)
	at org.openqa.selenium.remote.ProtocolHandshake.createSession(ProtocolHandshake.java:68)
	at org.openqa.selenium.remote.HttpCommandExecutor.execute(HttpCommandExecutor.java:163)
	at org.openqa.selenium.remote.RemoteWebDriver.execute(RemoteWebDriver.java:602)
	at org.openqa.selenium.remote.RemoteWebDriver.startSession(RemoteWebDriver.java:236)
	at org.openqa.selenium.remote.RemoteWebDriver.&lt;init&gt;(RemoteWebDriver.java:163)
	at org.openqa.selenium.chromium.ChromiumDriver.&lt;init&gt;(ChromiumDriver.java:108)
	at org.openqa.selenium.chrome.ChromeDriver.&lt;init&gt;(ChromeDriver.java:88)
	at org.openqa.selenium.chrome.ChromeDriver.&lt;init&gt;(ChromeDriver.java:83)
	at org.openqa.selenium.chrome.ChromeDriver.&lt;init&gt;(ChromeDriver.java:72)
	at Utilities.Factory.DriverFactory.getChromeDriver(DriverFactory.java:141)
	at Utilities.Factory.DriverFactory.getDriver(DriverFactory.java:56)
	at Utilities.SuiteBase.SuiteBase.CreateWebDriver(SuiteBase.java:81)
	... 11 more
... Removed 8 stack frames</pre></div><a href='#' onClick='toggleBox("stack-trace1987782328", this, "Click to show all stack frames", "Click to hide stack frames")'>Click to show all stack frames</a>
<div class='stack-trace' id='stack-trace1987782328'><pre>java.lang.RuntimeException: BeforeClass failed
	at Utilities.SuiteBase.SuiteBase.CreateWebDriver(SuiteBase.java:98)
	at java.base/jdk.internal.reflect.DirectMethodHandleAccessor.invoke(DirectMethodHandleAccessor.java:103)
	at java.base/java.lang.reflect.Method.invoke(Method.java:580)
	at org.testng.internal.MethodInvocationHelper.invokeMethod(MethodInvocationHelper.java:134)
	at org.testng.internal.MethodInvocationHelper.invokeMethodConsideringTimeout(MethodInvocationHelper.java:63)
	at org.testng.internal.ConfigInvoker.invokeConfigurationMethod(ConfigInvoker.java:348)
	at org.testng.internal.ConfigInvoker.invokeConfigurations(ConfigInvoker.java:302)
	at org.testng.internal.TestMethodWorker.invokeBeforeClassMethods(TestMethodWorker.java:176)
	at org.testng.internal.TestMethodWorker.run(TestMethodWorker.java:122)
	at java.base/java.util.concurrent.ThreadPoolExecutor.runWorker(ThreadPoolExecutor.java:1144)
	at java.base/java.util.concurrent.ThreadPoolExecutor$Worker.run(ThreadPoolExecutor.java:642)
	at java.base/java.lang.Thread.run(Thread.java:1583)
Caused by: org.openqa.selenium.SessionNotCreatedException: Could not start a new session. Response code 401. Message: Invalid username or password 
Host info: host: &apos;LAPTOP-4DDFOR6M&apos;, ip: &apos;192.168.137.1&apos;
Build info: version: &apos;4.12.1&apos;, revision: &apos;8e34639b11&apos;
System info: os.name: &apos;Windows 11&apos;, os.arch: &apos;amd64&apos;, os.version: &apos;10.0&apos;, java.version: &apos;21.0.2&apos;
Driver info: org.openqa.selenium.chrome.ChromeDriver
Command: [null, newSession {capabilities=[Capabilities {browserName: Safari, browserVersion: 15.6, bstack:options: {accessKey: null, browser: Safari, browserName: Safari, browserVersion: 15.6, browserstackSDK: testng-javaagent/1.32.10, buildIdentifier: 17, buildName: bstack-demo, buildProductMap: {accessibility: null, app_automate: false, automate: true, observability: false, percy: false, turboscale: false}, consoleLogs: info, hostName: LAPTOP-4DDFOR6M, local: true, localIdentifier: 26_May_1641_LAPTOP_4DDFOR6M..., networkLogs: true, os: OS X, osVersion: Monterey, projectName: PicMeAutomation, source: java:eclipse:v1.0.10, testhubBuildUuid: qortctpwrwdmpz5oseiwpbwnjen..., userName: null}, goog:chromeOptions: {args: [--remote-allow-origins=*], extensions: []}}]}]
	at org.openqa.selenium.remote.ProtocolHandshake.createSession(ProtocolHandshake.java:140)
	at org.openqa.selenium.remote.ProtocolHandshake.createSession(ProtocolHandshake.java:96)
	at org.openqa.selenium.remote.ProtocolHandshake.createSession(ProtocolHandshake.java:68)
	at org.openqa.selenium.remote.HttpCommandExecutor.execute(HttpCommandExecutor.java:163)
	at org.openqa.selenium.remote.RemoteWebDriver.execute(RemoteWebDriver.java:602)
	at org.openqa.selenium.remote.RemoteWebDriver.startSession(RemoteWebDriver.java:236)
	at org.openqa.selenium.remote.RemoteWebDriver.&lt;init&gt;(RemoteWebDriver.java:163)
	at org.openqa.selenium.chromium.ChromiumDriver.&lt;init&gt;(ChromiumDriver.java:108)
	at org.openqa.selenium.chrome.ChromeDriver.&lt;init&gt;(ChromeDriver.java:88)
	at org.openqa.selenium.chrome.ChromeDriver.&lt;init&gt;(ChromeDriver.java:83)
	at org.openqa.selenium.chrome.ChromeDriver.&lt;init&gt;(ChromeDriver.java:72)
	at Utilities.Factory.DriverFactory.getChromeDriver(DriverFactory.java:141)
	at Utilities.Factory.DriverFactory.getDriver(DriverFactory.java:56)
	at Utilities.SuiteBase.SuiteBase.CreateWebDriver(SuiteBase.java:81)
	... 11 more
</pre></div></td>
<td>0</td>
<td>Login.VerifyTheFunctionalitiesOfLogin@719d35e8</td></tr>
<tr>
<td title='Login.VerifyTheFunctionalitiesOfLogin.verifyLoginToApplicationWithValidCredentials()'><b>verifyLoginToApplicationWithValidCredentials</b><br>Test class: Login.VerifyTheFunctionalitiesOfLogin</td>
<td><div><pre>java.lang.RuntimeException: BeforeClass failed
	at Utilities.SuiteBase.SuiteBase.CreateWebDriver(SuiteBase.java:98)
	at java.base/java.util.concurrent.ThreadPoolExecutor.runWorker(ThreadPoolExecutor.java:1144)
	at java.base/java.util.concurrent.ThreadPoolExecutor$Worker.run(ThreadPoolExecutor.java:642)
	at java.base/java.lang.Thread.run(Thread.java:1583)
Caused by: org.openqa.selenium.SessionNotCreatedException: Could not start a new session. Response code 401. Message: Invalid username or password 
Host info: host: &apos;LAPTOP-4DDFOR6M&apos;, ip: &apos;192.168.137.1&apos;
Build info: version: &apos;4.12.1&apos;, revision: &apos;8e34639b11&apos;
System info: os.name: &apos;Windows 11&apos;, os.arch: &apos;amd64&apos;, os.version: &apos;10.0&apos;, java.version: &apos;21.0.2&apos;
Driver info: org.openqa.selenium.chrome.ChromeDriver
Command: [null, newSession {capabilities=[Capabilities {browserName: Chrome, browserVersion: 120.0, bstack:options: {accessKey: null, browser: Chrome, browserName: Chrome, browserVersion: 120.0, browserstackSDK: testng-javaagent/1.32.10, buildIdentifier: 17, buildName: bstack-demo, buildProductMap: {accessibility: null, app_automate: false, automate: true, observability: false, percy: false, turboscale: false}, consoleLogs: info, hostName: LAPTOP-4DDFOR6M, local: true, localIdentifier: 26_May_1641_LAPTOP_4DDFOR6M..., networkLogs: true, os: Windows, osVersion: 10, projectName: PicMeAutomation, source: java:eclipse:v1.0.10, testhubBuildUuid: qortctpwrwdmpz5oseiwpbwnjen..., userName: null}, goog:chromeOptions: {args: [--remote-allow-origins=*], extensions: []}}]}]
	at org.openqa.selenium.remote.ProtocolHandshake.createSession(ProtocolHandshake.java:140)
	at org.openqa.selenium.remote.ProtocolHandshake.createSession(ProtocolHandshake.java:96)
	at org.openqa.selenium.remote.ProtocolHandshake.createSession(ProtocolHandshake.java:68)
	at org.openqa.selenium.remote.HttpCommandExecutor.execute(HttpCommandExecutor.java:163)
	at org.openqa.selenium.remote.RemoteWebDriver.execute(RemoteWebDriver.java:602)
	at org.openqa.selenium.remote.RemoteWebDriver.startSession(RemoteWebDriver.java:236)
	at org.openqa.selenium.remote.RemoteWebDriver.&lt;init&gt;(RemoteWebDriver.java:163)
	at org.openqa.selenium.chromium.ChromiumDriver.&lt;init&gt;(ChromiumDriver.java:108)
	at org.openqa.selenium.chrome.ChromeDriver.&lt;init&gt;(ChromeDriver.java:88)
	at org.openqa.selenium.chrome.ChromeDriver.&lt;init&gt;(ChromeDriver.java:83)
	at org.openqa.selenium.chrome.ChromeDriver.&lt;init&gt;(ChromeDriver.java:72)
	at Utilities.Factory.DriverFactory.getChromeDriver(DriverFactory.java:141)
	at Utilities.Factory.DriverFactory.getDriver(DriverFactory.java:56)
	at Utilities.SuiteBase.SuiteBase.CreateWebDriver(SuiteBase.java:81)
	... 11 more
... Removed 8 stack frames</pre></div><a href='#' onClick='toggleBox("stack-trace1512870530", this, "Click to show all stack frames", "Click to hide stack frames")'>Click to show all stack frames</a>
<div class='stack-trace' id='stack-trace1512870530'><pre>java.lang.RuntimeException: BeforeClass failed
	at Utilities.SuiteBase.SuiteBase.CreateWebDriver(SuiteBase.java:98)
	at java.base/jdk.internal.reflect.DirectMethodHandleAccessor.invoke(DirectMethodHandleAccessor.java:103)
	at java.base/java.lang.reflect.Method.invoke(Method.java:580)
	at org.testng.internal.MethodInvocationHelper.invokeMethod(MethodInvocationHelper.java:134)
	at org.testng.internal.MethodInvocationHelper.invokeMethodConsideringTimeout(MethodInvocationHelper.java:63)
	at org.testng.internal.ConfigInvoker.invokeConfigurationMethod(ConfigInvoker.java:348)
	at org.testng.internal.ConfigInvoker.invokeConfigurations(ConfigInvoker.java:302)
	at org.testng.internal.TestMethodWorker.invokeBeforeClassMethods(TestMethodWorker.java:176)
	at org.testng.internal.TestMethodWorker.run(TestMethodWorker.java:122)
	at java.base/java.util.concurrent.ThreadPoolExecutor.runWorker(ThreadPoolExecutor.java:1144)
	at java.base/java.util.concurrent.ThreadPoolExecutor$Worker.run(ThreadPoolExecutor.java:642)
	at java.base/java.lang.Thread.run(Thread.java:1583)
Caused by: org.openqa.selenium.SessionNotCreatedException: Could not start a new session. Response code 401. Message: Invalid username or password 
Host info: host: &apos;LAPTOP-4DDFOR6M&apos;, ip: &apos;192.168.137.1&apos;
Build info: version: &apos;4.12.1&apos;, revision: &apos;8e34639b11&apos;
System info: os.name: &apos;Windows 11&apos;, os.arch: &apos;amd64&apos;, os.version: &apos;10.0&apos;, java.version: &apos;21.0.2&apos;
Driver info: org.openqa.selenium.chrome.ChromeDriver
Command: [null, newSession {capabilities=[Capabilities {browserName: Chrome, browserVersion: 120.0, bstack:options: {accessKey: null, browser: Chrome, browserName: Chrome, browserVersion: 120.0, browserstackSDK: testng-javaagent/1.32.10, buildIdentifier: 17, buildName: bstack-demo, buildProductMap: {accessibility: null, app_automate: false, automate: true, observability: false, percy: false, turboscale: false}, consoleLogs: info, hostName: LAPTOP-4DDFOR6M, local: true, localIdentifier: 26_May_1641_LAPTOP_4DDFOR6M..., networkLogs: true, os: Windows, osVersion: 10, projectName: PicMeAutomation, source: java:eclipse:v1.0.10, testhubBuildUuid: qortctpwrwdmpz5oseiwpbwnjen..., userName: null}, goog:chromeOptions: {args: [--remote-allow-origins=*], extensions: []}}]}]
	at org.openqa.selenium.remote.ProtocolHandshake.createSession(ProtocolHandshake.java:140)
	at org.openqa.selenium.remote.ProtocolHandshake.createSession(ProtocolHandshake.java:96)
	at org.openqa.selenium.remote.ProtocolHandshake.createSession(ProtocolHandshake.java:68)
	at org.openqa.selenium.remote.HttpCommandExecutor.execute(HttpCommandExecutor.java:163)
	at org.openqa.selenium.remote.RemoteWebDriver.execute(RemoteWebDriver.java:602)
	at org.openqa.selenium.remote.RemoteWebDriver.startSession(RemoteWebDriver.java:236)
	at org.openqa.selenium.remote.RemoteWebDriver.&lt;init&gt;(RemoteWebDriver.java:163)
	at org.openqa.selenium.chromium.ChromiumDriver.&lt;init&gt;(ChromiumDriver.java:108)
	at org.openqa.selenium.chrome.ChromeDriver.&lt;init&gt;(ChromeDriver.java:88)
	at org.openqa.selenium.chrome.ChromeDriver.&lt;init&gt;(ChromeDriver.java:83)
	at org.openqa.selenium.chrome.ChromeDriver.&lt;init&gt;(ChromeDriver.java:72)
	at Utilities.Factory.DriverFactory.getChromeDriver(DriverFactory.java:141)
	at Utilities.Factory.DriverFactory.getDriver(DriverFactory.java:56)
	at Utilities.SuiteBase.SuiteBase.CreateWebDriver(SuiteBase.java:81)
	... 11 more
</pre></div></td>
<td>0</td>
<td>Login.VerifyTheFunctionalitiesOfLogin@45e22def</td></tr>
<tr>
<td title='Login.VerifyTheFunctionalitiesOfLogin.verifyLoginToApplicationWithValidCredentials()'><b>verifyLoginToApplicationWithValidCredentials</b><br>Test class: Login.VerifyTheFunctionalitiesOfLogin</td>
<td><div><pre>java.lang.RuntimeException: BeforeClass failed
	at Utilities.SuiteBase.SuiteBase.CreateWebDriver(SuiteBase.java:98)
	at java.base/java.util.concurrent.ThreadPoolExecutor.runWorker(ThreadPoolExecutor.java:1144)
	at java.base/java.util.concurrent.ThreadPoolExecutor$Worker.run(ThreadPoolExecutor.java:642)
	at java.base/java.lang.Thread.run(Thread.java:1583)
Caused by: org.openqa.selenium.SessionNotCreatedException: Could not start a new session. Response code 401. Message: Invalid username or password 
Host info: host: &apos;LAPTOP-4DDFOR6M&apos;, ip: &apos;192.168.137.1&apos;
Build info: version: &apos;4.12.1&apos;, revision: &apos;8e34639b11&apos;
System info: os.name: &apos;Windows 11&apos;, os.arch: &apos;amd64&apos;, os.version: &apos;10.0&apos;, java.version: &apos;21.0.2&apos;
Driver info: org.openqa.selenium.chrome.ChromeDriver
Command: [null, newSession {capabilities=[Capabilities {browserName: Safari, browserVersion: 15.6, bstack:options: {accessKey: null, browser: Safari, browserName: Safari, browserVersion: 15.6, browserstackSDK: testng-javaagent/1.32.10, buildIdentifier: 17, buildName: bstack-demo, buildProductMap: {accessibility: null, app_automate: false, automate: true, observability: false, percy: false, turboscale: false}, consoleLogs: info, hostName: LAPTOP-4DDFOR6M, local: true, localIdentifier: 26_May_1641_LAPTOP_4DDFOR6M..., networkLogs: true, os: OS X, osVersion: Monterey, projectName: PicMeAutomation, source: java:eclipse:v1.0.10, testhubBuildUuid: qortctpwrwdmpz5oseiwpbwnjen..., userName: null}, goog:chromeOptions: {args: [--remote-allow-origins=*], extensions: []}}]}]
	at org.openqa.selenium.remote.ProtocolHandshake.createSession(ProtocolHandshake.java:140)
	at org.openqa.selenium.remote.ProtocolHandshake.createSession(ProtocolHandshake.java:96)
	at org.openqa.selenium.remote.ProtocolHandshake.createSession(ProtocolHandshake.java:68)
	at org.openqa.selenium.remote.HttpCommandExecutor.execute(HttpCommandExecutor.java:163)
	at org.openqa.selenium.remote.RemoteWebDriver.execute(RemoteWebDriver.java:602)
	at org.openqa.selenium.remote.RemoteWebDriver.startSession(RemoteWebDriver.java:236)
	at org.openqa.selenium.remote.RemoteWebDriver.&lt;init&gt;(RemoteWebDriver.java:163)
	at org.openqa.selenium.chromium.ChromiumDriver.&lt;init&gt;(ChromiumDriver.java:108)
	at org.openqa.selenium.chrome.ChromeDriver.&lt;init&gt;(ChromeDriver.java:88)
	at org.openqa.selenium.chrome.ChromeDriver.&lt;init&gt;(ChromeDriver.java:83)
	at org.openqa.selenium.chrome.ChromeDriver.&lt;init&gt;(ChromeDriver.java:72)
	at Utilities.Factory.DriverFactory.getChromeDriver(DriverFactory.java:141)
	at Utilities.Factory.DriverFactory.getDriver(DriverFactory.java:56)
	at Utilities.SuiteBase.SuiteBase.CreateWebDriver(SuiteBase.java:81)
	... 11 more
... Removed 8 stack frames</pre></div><a href='#' onClick='toggleBox("stack-trace1202843533", this, "Click to show all stack frames", "Click to hide stack frames")'>Click to show all stack frames</a>
<div class='stack-trace' id='stack-trace1202843533'><pre>java.lang.RuntimeException: BeforeClass failed
	at Utilities.SuiteBase.SuiteBase.CreateWebDriver(SuiteBase.java:98)
	at java.base/jdk.internal.reflect.DirectMethodHandleAccessor.invoke(DirectMethodHandleAccessor.java:103)
	at java.base/java.lang.reflect.Method.invoke(Method.java:580)
	at org.testng.internal.MethodInvocationHelper.invokeMethod(MethodInvocationHelper.java:134)
	at org.testng.internal.MethodInvocationHelper.invokeMethodConsideringTimeout(MethodInvocationHelper.java:63)
	at org.testng.internal.ConfigInvoker.invokeConfigurationMethod(ConfigInvoker.java:348)
	at org.testng.internal.ConfigInvoker.invokeConfigurations(ConfigInvoker.java:302)
	at org.testng.internal.TestMethodWorker.invokeBeforeClassMethods(TestMethodWorker.java:176)
	at org.testng.internal.TestMethodWorker.run(TestMethodWorker.java:122)
	at java.base/java.util.concurrent.ThreadPoolExecutor.runWorker(ThreadPoolExecutor.java:1144)
	at java.base/java.util.concurrent.ThreadPoolExecutor$Worker.run(ThreadPoolExecutor.java:642)
	at java.base/java.lang.Thread.run(Thread.java:1583)
Caused by: org.openqa.selenium.SessionNotCreatedException: Could not start a new session. Response code 401. Message: Invalid username or password 
Host info: host: &apos;LAPTOP-4DDFOR6M&apos;, ip: &apos;192.168.137.1&apos;
Build info: version: &apos;4.12.1&apos;, revision: &apos;8e34639b11&apos;
System info: os.name: &apos;Windows 11&apos;, os.arch: &apos;amd64&apos;, os.version: &apos;10.0&apos;, java.version: &apos;21.0.2&apos;
Driver info: org.openqa.selenium.chrome.ChromeDriver
Command: [null, newSession {capabilities=[Capabilities {browserName: Safari, browserVersion: 15.6, bstack:options: {accessKey: null, browser: Safari, browserName: Safari, browserVersion: 15.6, browserstackSDK: testng-javaagent/1.32.10, buildIdentifier: 17, buildName: bstack-demo, buildProductMap: {accessibility: null, app_automate: false, automate: true, observability: false, percy: false, turboscale: false}, consoleLogs: info, hostName: LAPTOP-4DDFOR6M, local: true, localIdentifier: 26_May_1641_LAPTOP_4DDFOR6M..., networkLogs: true, os: OS X, osVersion: Monterey, projectName: PicMeAutomation, source: java:eclipse:v1.0.10, testhubBuildUuid: qortctpwrwdmpz5oseiwpbwnjen..., userName: null}, goog:chromeOptions: {args: [--remote-allow-origins=*], extensions: []}}]}]
	at org.openqa.selenium.remote.ProtocolHandshake.createSession(ProtocolHandshake.java:140)
	at org.openqa.selenium.remote.ProtocolHandshake.createSession(ProtocolHandshake.java:96)
	at org.openqa.selenium.remote.ProtocolHandshake.createSession(ProtocolHandshake.java:68)
	at org.openqa.selenium.remote.HttpCommandExecutor.execute(HttpCommandExecutor.java:163)
	at org.openqa.selenium.remote.RemoteWebDriver.execute(RemoteWebDriver.java:602)
	at org.openqa.selenium.remote.RemoteWebDriver.startSession(RemoteWebDriver.java:236)
	at org.openqa.selenium.remote.RemoteWebDriver.&lt;init&gt;(RemoteWebDriver.java:163)
	at org.openqa.selenium.chromium.ChromiumDriver.&lt;init&gt;(ChromiumDriver.java:108)
	at org.openqa.selenium.chrome.ChromeDriver.&lt;init&gt;(ChromeDriver.java:88)
	at org.openqa.selenium.chrome.ChromeDriver.&lt;init&gt;(ChromeDriver.java:83)
	at org.openqa.selenium.chrome.ChromeDriver.&lt;init&gt;(ChromeDriver.java:72)
	at Utilities.Factory.DriverFactory.getChromeDriver(DriverFactory.java:141)
	at Utilities.Factory.DriverFactory.getDriver(DriverFactory.java:56)
	at Utilities.SuiteBase.SuiteBase.CreateWebDriver(SuiteBase.java:81)
	... 11 more
</pre></div></td>
<td>0</td>
<td>Login.VerifyTheFunctionalitiesOfLogin@719d35e8</td></tr>
</table><p>
</body>
</html>